  250.000  0.000000e+00 
  251.000  0.000000e+00 
  252.000  0.000000e+00 
  253.000  0.000000e+00 
  254.000  0.000000e+00 
  255.000  0.000000e+00 
  256.000  0.000000e+00 
  257.000  0.000000e+00 
  258.000  0.000000e+00 
  259.000  0.000000e+00 
  260.000  0.000000e+00 
  261.000  0.000000e+00 
  262.000  0.000000e+00 
  263.000  0.000000e+00 
  264.000  0.000000e+00 
  265.000  0.000000e+00 
  266.000  0.000000e+00 
  267.000  0.000000e+00 
  268.000  0.000000e+00 
  269.000  0.000000e+00 
  270.000  0.000000e+00 
  271.000  0.000000e+00 
  272.000  0.000000e+00 
  273.000  0.000000e+00 
  274.000  0.000000e+00 
  275.000  0.000000e+00 
  276.000  0.000000e+00 
  277.000  0.000000e+00 
  278.000  0.000000e+00 
  279.000  0.000000e+00 
  280.000  0.000000e+00 
  281.000  0.000000e+00 
  282.000  0.000000e+00 
  283.000  0.000000e+00 
  284.000  0.000000e+00 
  285.000  0.000000e+00 
  286.000  0.000000e+00 
  287.000  0.000000e+00 
  288.000  0.000000e+00 
  289.000  0.000000e+00 
  290.000  0.000000e+00 
  291.000  1.845675e-05 
  292.000  8.366357e-05 
  293.000  2.047536e-04 
  294.000  5.649018e-04 
  295.000  1.086497e-03 
  296.000  2.721712e-03 
  297.000  4.720964e-03 
  298.000  9.117102e-03 
  299.000  1.427746e-02 
  300.000  2.272464e-02 
  301.000  3.325580e-02 
  302.000  4.564733e-02 
  303.000  6.676292e-02 
  304.000  7.683908e-02 
  305.000  1.046400e-01 
  306.000  1.242303e-01 
  307.000  1.535039e-01 
  308.000  1.756445e-01 
  309.000  1.991687e-01 
  310.000  2.349425e-01 
  311.000  2.509044e-01 
  312.000  2.760637e-01 
  313.000  3.053175e-01 
  314.000  3.175827e-01 
  315.000  3.509206e-01 
  316.000  3.597090e-01 
  317.000  3.841864e-01 
  318.000  3.983530e-01 
  319.000  4.348587e-01 
  320.000  4.119076e-01 
  321.000  4.645113e-01 
  322.000  4.440583e-01 
  323.000  4.681928e-01 
  324.000  5.011355e-01 
  325.000  4.784005e-01 
  326.000  5.110752e-01 
  327.000  5.212691e-01 
  328.000  5.051031e-01 
  329.000  5.409307e-01 
  330.000  5.471556e-01 
  331.000  5.326251e-01 
  332.000  5.568417e-01 
  333.000  5.621491e-01 
  334.000  5.589565e-01 
  335.000  5.740377e-01 
  336.000  5.801467e-01 
  337.000  5.765138e-01 
  338.000  5.862169e-01 
  339.000  5.931919e-01 
  340.000  5.923064e-01 
  341.000  6.000456e-01 
  342.000  6.054443e-01 
  343.000  6.088834e-01 
  344.000  6.078957e-01 
  345.000  6.160818e-01 
  346.000  6.202050e-01 
  347.000  6.236959e-01 
  348.000  6.273713e-01 
  349.000  6.317504e-01 
  350.000  6.351956e-01 
  351.000  6.391814e-01 
  352.000  6.424386e-01 
  353.000  6.463145e-01 
  354.000  6.490797e-01 
  355.000  6.520932e-01 
  356.000  6.558961e-01 
  357.000  6.583644e-01 
  358.000  6.611226e-01 
  359.000  6.638334e-01 
  360.000  6.664669e-01 
  361.000  6.692020e-01 
  362.000  6.733820e-01 
  363.000  6.769128e-01 
  364.000  6.804138e-01 
  365.000  6.833301e-01 
  366.000  6.865681e-01 
  367.000  6.896013e-01 
  368.000  6.924826e-01 
  369.000  6.949010e-01 
  370.000  6.977665e-01 
  371.000  7.007852e-01 
  372.000  7.032627e-01 
  373.000  7.063068e-01 
  374.000  7.091945e-01 
  375.000  7.115286e-01 
  376.000  7.139372e-01 
  377.000  7.166920e-01 
  378.000  7.188255e-01 
  379.000  7.211279e-01 
  380.000  7.233233e-01 
  381.000  7.257199e-01 
  382.000  7.289025e-01 
  383.000  7.321355e-01 
  384.000  7.343275e-01 
  385.000  7.371392e-01 
  386.000  7.393832e-01 
  387.000  7.420159e-01 
  388.000  7.440801e-01 
  389.000  7.461766e-01 
  390.000  7.487924e-01 
  391.000  7.509360e-01 
  392.000  7.527197e-01 
  393.000  7.557252e-01 
  394.000  7.577826e-01 
  395.000  7.597705e-01 
  396.000  7.622690e-01 
  397.000  7.645432e-01 
  398.000  7.661012e-01 
  399.000  7.682682e-01 
  400.000  7.700939e-01 
  401.000  7.725249e-01 
  402.000  7.747102e-01 
  403.000  7.769434e-01 
  404.000  7.784150e-01 
  405.000  7.804592e-01 
  406.000  7.824010e-01 
  407.000  7.849022e-01 
  408.000  7.861100e-01 
  409.000  7.878730e-01 
  410.000  7.897468e-01 
  411.000  7.918290e-01 
  412.000  7.939922e-01 
  413.000  7.951415e-01 
  414.000  7.973552e-01 
  415.000  7.990901e-01 
  416.000  8.013303e-01 
  417.000  8.026381e-01 
  418.000  8.041158e-01 
  419.000  8.062325e-01 
  420.000  8.076410e-01 
  421.000  8.092846e-01 
  422.000  8.106259e-01 
  423.000  8.124787e-01 
  424.000  8.138868e-01 
  425.000  8.160256e-01 
  426.000  8.176203e-01 
  427.000  8.190740e-01 
  428.000  8.203899e-01 
  429.000  8.223238e-01 
  430.000  8.239023e-01 
  431.000  8.245004e-01 
  432.000  8.267288e-01 
  433.000  8.282505e-01 
  434.000  8.292293e-01 
  435.000  8.302390e-01 
  436.000  8.320259e-01 
  437.000  8.343435e-01 
  438.000  8.355161e-01 
  439.000  8.357651e-01 
  440.000  8.374978e-01 
  441.000  8.390031e-01 
  442.000  8.407892e-01 
  443.000  8.417132e-01 
  444.000  8.428913e-01 
  445.000  8.434115e-01 
  446.000  8.450416e-01 
  447.000  8.466756e-01 
  448.000  8.467166e-01 
  449.000  8.489369e-01 
  450.000  8.507276e-01 
  451.000  8.517882e-01 
  452.000  8.526571e-01 
  453.000  8.539715e-01 
  454.000  8.557776e-01 
  455.000  8.563770e-01 
  456.000  8.574145e-01 
  457.000  8.586221e-01 
  458.000  8.593579e-01 
  459.000  8.604324e-01 
  460.000  8.610604e-01 
  461.000  8.621650e-01 
  462.000  8.637091e-01 
  463.000  8.637620e-01 
  464.000  8.652788e-01 
  465.000  8.663210e-01 
  466.000  8.682206e-01 
  467.000  8.687648e-01 
  468.000  8.698518e-01 
  469.000  8.707640e-01 
  470.000  8.717552e-01 
  471.000  8.727393e-01 
  472.000  8.731534e-01 
  473.000  8.734103e-01 
  474.000  8.728188e-01 
  475.000  8.729501e-01 
  476.000  8.733461e-01 
  477.000  8.737361e-01 
  478.000  8.742337e-01 
  479.000  8.752198e-01 
  480.000  8.764282e-01 
  481.000  8.784997e-01 
  482.000  8.801763e-01 
  483.000  8.817055e-01 
  484.000  8.824783e-01 
  485.000  8.831166e-01 
  486.000  8.836640e-01 
  487.000  8.848904e-01 
  488.000  8.855171e-01 
  489.000  8.860025e-01 
  490.000  8.873627e-01 
  491.000  8.881773e-01 
  492.000  8.889008e-01 
  493.000  8.896164e-01 
  494.000  8.900946e-01 
  495.000  8.906466e-01 
  496.000  8.910093e-01 
  497.000  8.916454e-01 
  498.000  8.921058e-01 
  499.000  8.926818e-01 
  500.000  8.930823e-01 
  501.000  8.930513e-01 
  502.000  8.927512e-01 
  503.000  8.923735e-01 
  504.000  8.920081e-01 
  505.000  8.926919e-01 
  506.000  8.936270e-01 
  507.000  8.941711e-01 
  508.000  8.953969e-01 
  509.000  8.960952e-01 
  510.000  8.970256e-01 
  511.000  8.978384e-01 
  512.000  8.983733e-01 
  513.000  8.994771e-01 
  514.000  8.999651e-01 
  515.000  9.008366e-01 
  516.000  9.011711e-01 
  517.000  9.017833e-01 
  518.000  9.019070e-01 
  519.000  9.022681e-01 
  520.000  9.024541e-01 
  521.000  9.029166e-01 
  522.000  9.030207e-01 
  523.000  9.031743e-01 
  524.000  9.032980e-01 
  525.000  9.030368e-01 
  526.000  9.029374e-01 
  527.000  9.029132e-01 
  528.000  9.026796e-01 
  529.000  9.025621e-01 
  530.000  9.024416e-01 
  531.000  9.026466e-01 
  532.000  9.028455e-01 
  533.000  9.031934e-01 
  534.000  9.036707e-01 
  535.000  9.039594e-01 
  536.000  9.044762e-01 
  537.000  9.050057e-01 
  538.000  9.052741e-01 
  539.000  9.054901e-01 
  540.000  9.059674e-01 
  541.000  9.056700e-01 
  542.000  9.059361e-01 
  543.000  9.064578e-01 
  544.000  9.068151e-01 
  545.000  9.066057e-01 
  546.000  9.067106e-01 
  547.000  9.074793e-01 
  548.000  9.081652e-01 
  549.000  9.083322e-01 
  550.000  9.087183e-01 
  551.000  9.091069e-01 
  552.000  9.092833e-01 
  553.000  9.094759e-01 
  554.000  9.097447e-01 
  555.000  9.099545e-01 
  556.000  9.097514e-01 
  557.000  9.093881e-01 
  558.000  9.091002e-01 
  559.000  9.087244e-01 
  560.000  9.083723e-01 
  561.000  9.080904e-01 
  562.000  9.078947e-01 
  563.000  9.075312e-01 
  564.000  9.071565e-01 
  565.000  9.068397e-01 
  566.000  9.066963e-01 
  567.000  9.063013e-01 
  568.000  9.057505e-01 
  569.000  9.037631e-01 
  570.000  9.027328e-01 
  571.000  9.030216e-01 
  572.000  9.019028e-01 
  573.000  9.020529e-01 
  574.000  9.013022e-01 
  575.000  9.014074e-01 
  576.000  9.015015e-01 
  577.000  9.018542e-01 
  578.000  9.031929e-01 
  579.000  9.042611e-01 
  580.000  9.052276e-01 
  581.000  9.068326e-01 
  582.000  9.083346e-01 
  583.000  9.096547e-01 
  584.000  9.115487e-01 
  585.000  9.121878e-01 
  586.000  9.131025e-01 
  587.000  9.132936e-01 
  588.000  9.133782e-01 
  589.000  9.083120e-01 
  590.000  9.086782e-01 
  591.000  9.106981e-01 
  592.000  9.066448e-01 
  593.000  9.132978e-01 
  594.000  9.102295e-01 
  595.000  9.124001e-01 
  596.000  9.132786e-01 
  597.000  9.132291e-01 
  598.000  9.133268e-01 
  599.000  9.143762e-01 
  600.000  9.144565e-01 
  601.000  9.154022e-01 
  602.000  9.161724e-01 
  603.000  9.165578e-01 
  604.000  9.169874e-01 
  605.000  9.173675e-01 
  606.000  9.182377e-01 
  607.000  9.189402e-01 
  608.000  9.198520e-01 
  609.000  9.202259e-01 
  610.000  9.209735e-01 
  611.000  9.215679e-01 
  612.000  9.224411e-01 
  613.000  9.231781e-01 
  614.000  9.237093e-01 
  615.000  9.243285e-01 
  616.000  9.252024e-01 
  617.000  9.258333e-01 
  618.000  9.262574e-01 
  619.000  9.268821e-01 
  620.000  9.274223e-01 
  621.000  9.278137e-01 
  622.000  9.279883e-01 
  623.000  9.283549e-01 
  624.000  9.284960e-01 
  625.000  9.286789e-01 
  626.000  9.287462e-01 
  627.000  9.287299e-01 
  628.000  9.160583e-01 
  629.000  9.211800e-01 
  630.000  9.251328e-01 
  631.000  9.292559e-01 
  632.000  9.307017e-01 
  633.000  9.318933e-01 
  634.000  9.334677e-01 
  635.000  9.339415e-01 
  636.000  9.354513e-01 
  637.000  9.372020e-01 
  638.000  9.384373e-01 
  639.000  9.395503e-01 
  640.000  9.402363e-01 
  641.000  9.413580e-01 
  642.000  9.421839e-01 
  643.000  9.424751e-01 
  644.000  9.432029e-01 
  645.000  9.436814e-01 
  646.000  9.426865e-01 
  647.000  9.409869e-01 
  648.000  9.391367e-01 
  649.000  9.415188e-01 
  650.000  9.458962e-01 
  651.000  9.465542e-01 
  652.000  9.458530e-01 
  653.000  9.473748e-01 
  654.000  9.480096e-01 
  655.000  9.438532e-01 
  656.000  9.472430e-01 
  657.000  9.483323e-01 
  658.000  9.502295e-01 
  659.000  9.514862e-01 
  660.000  9.515557e-01 
  661.000  9.524739e-01 
  662.000  9.526218e-01 
  663.000  9.530520e-01 
  664.000  9.535314e-01 
  665.000  9.539760e-01 
  666.000  9.544394e-01 
  667.000  9.551163e-01 
  668.000  9.554382e-01 
  669.000  9.559861e-01 
  670.000  9.562919e-01 
  671.000  9.569455e-01 
  672.000  9.570858e-01 
  673.000  9.576287e-01 
  674.000  9.578372e-01 
  675.000  9.584000e-01 
  676.000  9.585720e-01 
  677.000  9.588681e-01 
  678.000  9.593539e-01 
  679.000  9.596141e-01 
  680.000  9.601272e-01 
  681.000  9.603314e-01 
  682.000  9.610179e-01 
  683.000  9.610685e-01 
  684.000  9.616845e-01 
  685.000  9.620586e-01 
  686.000  9.624115e-01 
  687.000  7.303718e-01 
  688.000  8.854401e-01 
  689.000  9.069553e-01 
  690.000  9.261081e-01 
  691.000  9.354320e-01 
  692.000  9.545339e-01 
  693.000  9.507815e-01 
  694.000  9.452773e-01 
  695.000  9.551788e-01 
  696.000  9.524724e-01 
  697.000  9.647331e-01 
  698.000  9.645053e-01 
  699.000  9.595665e-01 
  700.000  9.603851e-01 
  701.000  9.566268e-01 
  702.000  9.586616e-01 
  703.000  9.604322e-01 
  704.000  9.617400e-01 
  705.000  9.623120e-01 
  706.000  9.643417e-01 
  707.000  9.659722e-01 
  708.000  9.671722e-01 
  709.000  9.673823e-01 
  710.000  9.669912e-01 
  711.000  9.685025e-01 
  712.000  9.678185e-01 
  713.000  9.690845e-01 
  714.000  9.682221e-01 
  715.000  9.659921e-01 
  716.000  9.665406e-01 
  717.000  9.560422e-01 
  718.000  9.243941e-01 
  719.000  8.876381e-01 
  720.000  9.305872e-01 
  721.000  9.626548e-01 
  722.000  9.619580e-01 
  723.000  9.604684e-01 
  724.000  9.169982e-01 
  725.000  9.338812e-01 
  726.000  9.517034e-01 
  727.000  9.439925e-01 
  728.000  9.300323e-01 
  729.000  9.385606e-01 
  730.000  9.542223e-01 
  731.000  9.456769e-01 
  732.000  9.507281e-01 
  733.000  9.635372e-01 
  734.000  9.701914e-01 
  735.000  9.657470e-01 
  736.000  9.689488e-01 
  737.000  9.690785e-01 
  738.000  9.710461e-01 
  739.000  9.716777e-01 
  740.000  9.740930e-01 
  741.000  9.754054e-01 
  742.000  9.757538e-01 
  743.000  9.757619e-01 
  744.000  9.762104e-01 
  745.000  9.765000e-01 
  746.000  9.768590e-01 
  747.000  9.769995e-01 
  748.000  9.771439e-01 
  749.000  9.772385e-01 
  750.000  9.774177e-01 
  751.000  9.775070e-01 
  752.000  9.779516e-01 
  753.000  9.780691e-01 
  754.000  9.782041e-01 
  755.000  9.783430e-01 
  756.000  9.784302e-01 
  757.000  9.786317e-01 
  758.000  9.789212e-01 
  759.000  9.729794e-01 
  760.000  4.714961e-01 
  761.000  3.919666e-01 
  762.000  7.372605e-01 
  763.000  6.518045e-01 
  764.000  6.859697e-01 
  765.000  7.903352e-01 
  766.000  9.053414e-01 
  767.000  9.373417e-01 
  768.000  9.679242e-01 
  769.000  9.761075e-01 
  770.000  9.758436e-01 
  771.000  9.793254e-01 
  772.000  9.804534e-01 
  773.000  9.805124e-01 
  774.000  9.805461e-01 
  775.000  9.806054e-01 
  776.000  9.806989e-01 
  777.000  9.808294e-01 
  778.000  9.809070e-01 
  779.000  9.809857e-01 
  780.000  9.810515e-01 
  781.000  9.812566e-01 
  782.000  9.813918e-01 
  783.000  9.815194e-01 
  784.000  9.814579e-01 
  785.000  9.813893e-01 
  786.000  9.806246e-01 
  787.000  9.806769e-01 
  788.000  9.789476e-01 
  789.000  9.790379e-01 
  790.000  9.759991e-01 
  791.000  9.764047e-01 
  792.000  9.778043e-01 
  793.000  9.787028e-01 
  794.000  9.826590e-01 
  795.000  9.814099e-01 
  796.000  9.729897e-01 
  797.000  9.792069e-01 
  798.000  9.798580e-01 
  799.000  9.811944e-01 
  800.000  9.776627e-01 
  801.000  9.759923e-01 
  802.000  9.784282e-01 
  803.000  9.779770e-01 
  804.000  9.778365e-01 
  805.000  9.794416e-01 
  806.000  9.825652e-01 
  807.000  9.807315e-01 
  808.000  9.826966e-01 
  809.000  9.797368e-01 
  810.000  9.782587e-01 
  811.000  9.788466e-01 
  812.000  9.756194e-01 
  813.000  9.691165e-01 
  814.000  9.576232e-01 
  815.000  9.422341e-01 
  816.000  9.539955e-01 
  817.000  8.966852e-01 
  818.000  9.366452e-01 
  819.000  9.541867e-01 
  820.000  9.310130e-01 
  821.000  9.781339e-01 
  822.000  9.727969e-01 
  823.000  8.797580e-01 
  824.000  9.656042e-01 
  825.000  9.753345e-01 
  826.000  9.649154e-01 
  827.000  9.749234e-01 
  828.000  9.471969e-01 
  829.000  9.688681e-01 
  830.000  9.638996e-01 
  831.000  9.664186e-01 
  832.000  9.662241e-01 
  833.000  9.743179e-01 
  834.000  9.741105e-01 
  835.000  9.785842e-01 
  836.000  9.790577e-01 
  837.000  9.789120e-01 
  838.000  9.818589e-01 
  839.000  9.833123e-01 
  840.000  9.837326e-01 
  841.000  9.837326e-01 
  842.000  9.811961e-01 
  843.000  9.860438e-01 
  844.000  9.831910e-01 
  845.000  9.855559e-01 
  846.000  9.861965e-01 
  847.000  9.866477e-01 
  848.000  9.861038e-01 
  849.000  9.864152e-01 
  850.000  9.863900e-01 
  851.000  9.864432e-01 
  852.000  9.875392e-01 
  853.000  9.877856e-01 
  854.000  9.876295e-01 
  855.000  9.876295e-01 
  856.000  9.878718e-01 
  857.000  9.884458e-01 
  858.000  9.879966e-01 
  859.000  9.883585e-01 
  860.000  9.886682e-01 
  861.000  9.885898e-01 
  862.000  9.887832e-01 
  863.000  9.887059e-01 
  864.000  9.889575e-01 
  865.000  9.889575e-01 
  866.000  9.889729e-01 
  867.000  9.890434e-01 
  868.000  9.890555e-01 
  869.000  9.890951e-01 
  870.000  9.891699e-01 
  871.000  9.892323e-01 
  872.000  9.893222e-01 
  873.000  9.893306e-01 
  874.000  9.893306e-01 
  875.000  9.894777e-01 
  876.000  9.895185e-01 
  877.000  9.895335e-01 
  878.000  9.895442e-01 
  879.000  9.895525e-01 
  880.000  9.897096e-01 
  881.000  9.897096e-01 
  882.000  9.894757e-01 
  883.000  9.895806e-01 
  884.000  9.896567e-01 
  885.000  9.897588e-01 
  886.000  9.881104e-01 
  887.000  9.897085e-01 
  888.000  9.897085e-01 
  889.000  9.893293e-01 
  890.000  9.884458e-01 
  891.000  9.897897e-01 
  892.000  9.883091e-01 
  893.000  9.843129e-01 
  894.000  9.843129e-01 
  895.000  9.744380e-01 
  896.000  9.654712e-01 
  897.000  9.193807e-01 
  898.000  9.635795e-01 
  899.000  8.718427e-01 
  900.000  8.718427e-01 
  901.000  8.915069e-01 
  902.000  9.127373e-01 
  903.000  9.329162e-01 
  904.000  9.781699e-01 
  905.000  9.725956e-01 
  906.000  9.725956e-01 
  907.000  9.263361e-01 
  908.000  9.093428e-01 
  909.000  9.194310e-01 
  910.000  9.099172e-01 
  911.000  9.099172e-01 
  912.000  9.583932e-01 
  913.000  9.348732e-01 
  914.000  9.176351e-01 
  915.000  8.902607e-01 
  916.000  8.902607e-01 
  917.000  9.569188e-01 
  918.000  9.032497e-01 
  919.000  9.440274e-01 
  920.000  9.773892e-01 
  921.000  9.773892e-01 
  922.000  9.693605e-01 
  923.000  9.687555e-01 
  924.000  9.609852e-01 
  925.000  9.609852e-01 
  926.000  9.649363e-01 
  927.000  9.681207e-01 
  928.000  9.194541e-01 
  929.000  9.094465e-01 
  930.000  9.094465e-01 
  931.000  8.182377e-01 
  932.000  6.624365e-01 
  933.000  7.017102e-01 
  934.000  7.017102e-01 
  935.000  6.445438e-01 
  936.000  6.185052e-01 
  937.000  6.245456e-01 
  938.000  6.245456e-01 
  939.000  7.295127e-01 
  940.000  8.416501e-01 
  941.000  8.050570e-01 
  942.000  8.050570e-01 
  943.000  7.093475e-01 
  944.000  7.114273e-01 
  945.000  8.087969e-01 
  946.000  8.087969e-01 
  947.000  7.296032e-01 
  948.000  7.559691e-01 
  949.000  7.978548e-01 
  950.000  7.978548e-01 
  951.000  8.053831e-01 
  952.000  7.242060e-01 
  953.000  8.414661e-01 
  954.000  8.414661e-01 
  955.000  8.352301e-01 
  956.000  7.413687e-01 
  957.000  8.688526e-01 
  958.000  8.688526e-01 
  959.000  8.101827e-01 
  960.000  8.635620e-01 
  961.000  8.635620e-01 
  962.000  8.731019e-01 
  963.000  9.149620e-01 
  964.000  8.541605e-01 
  965.000  8.541605e-01 
  966.000  8.935726e-01 
  967.000  9.414426e-01 
  968.000  9.414426e-01 
  969.000  9.512286e-01 
  970.000  9.694763e-01 
  971.000  9.750764e-01 
  972.000  9.750764e-01 
  973.000  9.682910e-01 
  974.000  9.311768e-01 
  975.000  9.311768e-01 
  976.000  9.192328e-01 
  977.000  9.584501e-01 
  978.000  9.531024e-01 
  979.000  9.531024e-01 
  980.000  9.537603e-01 
  981.000  9.825548e-01 
  982.000  9.825548e-01 
  983.000  9.739398e-01 
  984.000  9.816249e-01 
  985.000  9.816249e-01 
  986.000  9.903345e-01 
  987.000  9.870796e-01 
  988.000  9.870796e-01 
  989.000  9.920817e-01 
  990.000  9.900857e-01 
  991.000  9.900857e-01 
  992.000  9.914716e-01 
  993.000  9.912170e-01 
  994.000  9.912170e-01 
  995.000  9.933062e-01 
  996.000  9.933600e-01 
  997.000  9.933600e-01 
  998.000  9.933966e-01 
  999.000  9.932599e-01 
 1000.000  9.932599e-01 
 1001.000  9.933826e-01 
 1002.000  9.905808e-01 
 1003.000  9.905808e-01 
 1004.000  9.934290e-01 
 1005.000  9.935704e-01 
 1006.000  9.935704e-01 
 1007.000  9.936811e-01 
 1008.000  9.931786e-01 
 1009.000  9.931786e-01 
 1010.000  9.911003e-01 
 1011.000  9.937397e-01 
 1012.000  9.937397e-01 
 1013.000  9.938704e-01 
 1014.000  9.938223e-01 
 1015.000  9.938223e-01 
 1016.000  9.939770e-01 
 1017.000  9.938596e-01 
 1018.000  9.938596e-01 
 1019.000  9.937005e-01 
 1020.000  9.941005e-01 
 1021.000  9.941005e-01 
 1022.000  9.937875e-01 
 1023.000  9.937875e-01 
 1024.000  9.937146e-01 
 1025.000  9.941766e-01 
 1026.000  9.941766e-01 
 1027.000  9.939888e-01 
 1028.000  9.942331e-01 
 1029.000  9.942331e-01 
 1030.000  9.943401e-01 
 1031.000  9.943048e-01 
 1032.000  9.943048e-01 
 1033.000  9.943289e-01 
 1034.000  9.943289e-01 
 1035.000  9.943573e-01 
 1036.000  9.941201e-01 
 1037.000  9.941201e-01 
 1038.000  9.941020e-01 
 1039.000  9.938617e-01 
 1040.000  9.938617e-01 
 1041.000  9.936739e-01 
 1042.000  9.936739e-01 
 1043.000  9.934468e-01 
 1044.000  9.930906e-01 
 1045.000  9.930906e-01 
 1046.000  9.925950e-01 
 1047.000  9.925950e-01 
 1048.000  9.920961e-01 
 1049.000  9.910750e-01 
 1050.000  9.910750e-01 
 1051.000  9.906396e-01 
 1052.000  9.906396e-01 
 1053.000  9.899505e-01 
 1054.000  9.893629e-01 
 1055.000  9.893629e-01 
 1056.000  9.886730e-01 
 1057.000  9.886730e-01 
 1058.000  9.880639e-01 
 1059.000  9.874591e-01 
 1060.000  9.874591e-01 
 1061.000  9.870784e-01 
 1062.000  9.870784e-01 
 1063.000  9.863902e-01 
 1064.000  9.859803e-01 
 1065.000  9.859803e-01 
 1066.000  9.866554e-01 
 1067.000  9.866554e-01 
 1068.000  9.861997e-01 
 1069.000  9.868501e-01 
 1070.000  9.868501e-01 
 1071.000  9.877466e-01 
 1072.000  9.877466e-01 
 1073.000  9.884099e-01 
 1074.000  9.884099e-01 
 1075.000  9.872559e-01 
 1076.000  9.874229e-01 
 1077.000  9.874229e-01 
 1078.000  9.896978e-01 
 1079.000  9.896978e-01 
 1080.000  9.883183e-01 
 1081.000  9.883183e-01 
 1082.000  9.898106e-01 
 1083.000  9.886181e-01 
 1084.000  9.886181e-01 
 1085.000  9.859889e-01 
 1086.000  9.859889e-01 
 1087.000  9.904499e-01 
 1088.000  9.904499e-01 
 1089.000  9.886459e-01 
 1090.000  9.876699e-01 
 1091.000  9.876699e-01 
 1092.000  9.845933e-01 
 1093.000  9.845933e-01 
 1094.000  9.845663e-01 
 1095.000  9.845663e-01 
 1096.000  9.826744e-01 
 1097.000  9.826744e-01 
 1098.000  9.782951e-01 
 1099.000  9.615989e-01 
 1100.000  9.615989e-01 
 1101.000  9.619948e-01 
 1102.000  9.619948e-01 
 1103.000  9.554705e-01 
 1104.000  9.554705e-01 
 1105.000  9.503359e-01 
 1106.000  9.503359e-01 
 1107.000  9.493554e-01 
 1108.000  9.493554e-01 
 1109.000  9.363272e-01 
 1110.000  9.094030e-01 
 1111.000  9.094030e-01 
 1112.000  8.984928e-01 
 1113.000  8.984928e-01 
 1114.000  8.165843e-01 
 1115.000  8.165843e-01 
 1116.000  6.611461e-01 
 1117.000  6.611461e-01 
 1118.000  7.388033e-01 
 1119.000  7.388033e-01 
 1120.000  6.930021e-01 
 1121.000  6.930021e-01 
 1122.000  5.288098e-01 
 1123.000  7.135161e-01 
 1124.000  7.135161e-01 
 1125.000  5.709726e-01 
 1126.000  5.709726e-01 
 1127.000  6.369410e-01 
 1128.000  6.369410e-01 
 1129.000  6.393211e-01 
 1130.000  6.393211e-01 
 1131.000  8.446352e-01 
 1132.000  8.446352e-01 
 1133.000  6.441176e-01 
 1134.000  6.441176e-01 
 1135.000  4.224570e-01 
 1136.000  4.224570e-01 
 1137.000  8.535721e-01 
 1138.000  8.535721e-01 
 1139.000  7.906291e-01 
 1140.000  7.906291e-01 
 1141.000  7.830287e-01 
 1142.000  7.830287e-01 
 1143.000  8.333317e-01 
 1144.000  8.333317e-01 
 1145.000  6.603510e-01 
 1146.000  6.603510e-01 
 1147.000  6.566940e-01 
 1148.000  6.566940e-01 
 1149.000  7.376469e-01 
 1150.000  7.376469e-01 
 1151.000  8.046396e-01 
 1152.000  8.046396e-01 
 1153.000  7.606828e-01 
 1154.000  7.606828e-01 
 1155.000  8.027723e-01 
 1156.000  8.027723e-01 
 1157.000  8.620425e-01 
 1158.000  8.620425e-01 
 1159.000  9.270965e-01 
 1160.000  9.270965e-01 
 1161.000  9.174873e-01 
 1162.000  9.174873e-01 
 1163.000  9.439001e-01 
 1164.000  9.439001e-01 
 1165.000  9.349710e-01 
 1166.000  9.349710e-01 
 1167.000  9.562499e-01 
 1168.000  9.562499e-01 
 1169.000  9.630142e-01 
 1170.000  9.630142e-01 
 1171.000  9.663783e-01 
 1172.000  9.663783e-01 
 1173.000  9.349641e-01 
 1174.000  9.349641e-01 
 1175.000  9.837913e-01 
 1176.000  9.837913e-01 
 1177.000  9.539606e-01 
 1178.000  9.539606e-01 
 1179.000  9.755146e-01 
 1180.000  9.755146e-01 
 1181.000  9.285873e-01 
 1182.000  9.285873e-01 
 1183.000  9.644707e-01 
 1184.000  9.644707e-01 
 1185.000  9.757982e-01 
 1186.000  9.757982e-01 
 1187.000  9.314266e-01 
 1188.000  9.314266e-01 
 1189.000  9.314266e-01 
 1190.000  9.637718e-01 
 1191.000  9.637718e-01 
 1192.000  9.851820e-01 
 1193.000  9.851820e-01 
 1194.000  9.700410e-01 
 1195.000  9.700410e-01 
 1196.000  9.778988e-01 
 1197.000  9.778988e-01 
 1198.000  9.636890e-01 
 1199.000  9.636890e-01 
 1200.000  9.606834e-01 
